0 info it worked if it ends with ok
1 verbose cli [ 'node', '/Users/bard/.node/bin/npm', 'publish' ]
2 info using npm@2.13.1
3 info using node@v0.12.7
4 verbose node symlink /usr/local/bin/node
5 verbose publish [ '.' ]
6 silly cache add args [ '.', null ]
7 verbose cache add spec .
8 silly cache add parsed spec { raw: '.',
8 silly cache add   scope: null,
8 silly cache add   name: null,
8 silly cache add   rawSpec: '.',
8 silly cache add   spec: '/Applications/MAMP/htdocs/Projects/generator-fed-up',
8 silly cache add   type: 'directory' }
9 verbose addLocalDirectory /Users/bard/.npm/generator-cdd/3.2.0/package.tgz not in flight; packing
10 verbose tar pack [ '/Users/bard/.npm/generator-cdd/3.2.0/package.tgz',
10 verbose tar pack   '/Applications/MAMP/htdocs/Projects/generator-fed-up' ]
11 verbose tarball /Users/bard/.npm/generator-cdd/3.2.0/package.tgz
12 verbose folder /Applications/MAMP/htdocs/Projects/generator-fed-up
13 info prepublish generator-cdd@3.2.0
14 verbose addLocalTarball adding from inside cache /Users/bard/.npm/generator-cdd/3.2.0/package.tgz
15 silly cache afterAdd generator-cdd@3.2.0
16 verbose afterAdd /Users/bard/.npm/generator-cdd/3.2.0/package/package.json not in flight; writing
17 verbose afterAdd /Users/bard/.npm/generator-cdd/3.2.0/package/package.json written
18 silly publish { name: 'generator-cdd',
18 silly publish   version: '3.2.0',
18 silly publish   description: 'Yeoman generator',
18 silly publish   license: 'MIT',
18 silly publish   main: 'app/index.js',
18 silly publish   repository:
18 silly publish    { type: 'git',
18 silly publish      url: 'git+https://github.com/bnhovde/generator-fed-up.git' },
18 silly publish   author: { name: 'Bård N Hovde', url: 'https://github.com/bnhovde' },
18 silly publish   engines: { node: '>=0.10.0' },
18 silly publish   scripts: { test: 'mocha' },
18 silly publish   files: [ 'app', 'module' ],
18 silly publish   keywords: [ 'yeoman-generator', 'BEM', 'cdd' ],
18 silly publish   dependencies:
18 silly publish    { 'yeoman-generator': '^0.18.0',
18 silly publish      chalk: '^0.5.0',
18 silly publish      yosay: '^0.3.0' },
18 silly publish   devDependencies: { mocha: '*' },
18 silly publish   peerDependencies: { yo: '>=1.0.0' },
18 silly publish   readme: '\n# CDD Generator v3\n\n## Features\n\nA basic gulp build-kit, including our in-house scss starter template, based on the [generator-gulp-webapp](https://github.com/yeoman/generator-gulp-webapp)\n\nSame features as [generator-gulp-webapp](https://github.com/yeoman/generator-gulp-webapp):\n\n* CSS Autoprefixing\n* BrowserSync\n* [libsass](http://libsass.org)\n* jslint\n* Image optimization\n* [Bower](http://bower.io)\n* [pixrem](https://github.com/gummesson/gulp-pixrem) for automatic rem -> px fallback!\n\n## The SASS base kit\n\nOur in-house SASS base kit should be used as a base for all projects. It\'s been developed through a lot of iterations, currently structured like this:\n\n* core - Contains a base set of partials that will be part of every project. These include the grid system, normalise, layout and helper classes/functions\n* Foundation - This lays on top of core, adding project specific modifiers and config files containing project-wide variables.\n* modules - This holds the projects modules. These are independent and reusable chunks of code that can be reused throughout the project and other projects.\n* vendor - External libraries\n\nFor a full description on how to use this setup, check out our (Front-End Guidelines)[https://github.com/cddnation/FED-Guidelines]\n\n---\n\n### SASS Folder Structure\n\n````\nstyles/\n    |- main.scss ________________________________ # SCSS Imports for (projectName)\n    |- _inbox.scss ______________________________ # Inbox (shame file)\nstyles\\vendor/\n    |- _external.scss ___________________________ # External styles\nstyles\\modules/\n    |- _module.scss _____________________________ # Example module\nstyles\\mixins/\n    |- _breakpoints.scss ________________________ # Responsive breakpoints.\n    |- _typography.scss _________________________ # Typography mixins\n    |- _utilities.scss __________________________ # General helper mixins\nstyles\\foundation/\n    |- _attributes.scss _________________________ # Global Attribute Modifiers\n    |- _base.scss _______________________________ # Base-level tags\n    |- _config.scss _____________________________ # Global Settings\n    |- _fonts_.scss _____________________________ # Global Font loader\nstyles\\core/\n    |- _grid.scss _______________________________ # CSSWizandry grids\n    |- _helpers.scss ____________________________ # Helpers (placeholders)\n    |- _normalise.scss __________________________ # normalize.css v3.0.0 | MIT License | git.io/normalize\n    |- _print.scss ______________________________ # Print media styles\n````\n\n\n## Getting Started\n\n(First time only): To use this generator, run the following:\n\n    npm install -g generator-cdd\n\nThen, start the generator with yo: \n\n    yo cdd\n\nThe generator will ask you a few questions about common libraries to include. It has also got a perch setting, which alters where the bower includes gets injected in the gulp task.\n\nIf you get any errors, you might have to re-run npm install with sudo!\n\n## Subgenerators\n\nWhen writing your sass module, simply use the following subgenerator to generate a either a sass module or a js module in the appropriate /modules folder. This will be named for you, and sass partials will be injected into the loader main.scss.\n\n    yo cdd:module\n\n\n## Developing\n\nWhen you start the build you need to tell gulp-pixrem the base font size, so that it can automatically generate px fallback values for <IE8. Look for the pixrem task and update to match your base font size.\n\nOnce this is done, use the following commands when developing:\n\n- Run `gulp serve` to preview and watch for changes\n- Run `bower install --save <package>` to install frontend packages using Bower\n- Run `gulp` to minify and build your application into the /dist folder\n\n\n### Generate Documentation:\n\nThe generator comes with frontend-md bundled.\n\n- Run `frontend-md` to create a `FRONTEND.md` file with the folder structure and documentation from your js and scss files. Check their (github)[https://github.com/animade/frontend-md] for more information.\n\n## License\n\nMIT\n',
18 silly publish   readmeFilename: 'README.md',
18 silly publish   gitHead: '6987757b1e965fa163aad371a83082d417c33d46',
18 silly publish   bugs: { url: 'https://github.com/bnhovde/generator-fed-up/issues' },
18 silly publish   homepage: 'https://github.com/bnhovde/generator-fed-up#readme',
18 silly publish   _id: 'generator-cdd@3.2.0',
18 silly publish   _shasum: '1604859f72884dc6b2b16cb70a1abc2776df2a4c',
18 silly publish   _from: '.' }
19 verbose getPublishConfig undefined
20 silly mapToRegistry name generator-cdd
21 silly mapToRegistry using default registry
22 silly mapToRegistry registry https://registry.npmjs.org/
23 silly mapToRegistry uri https://registry.npmjs.org/generator-cdd
24 verbose publish registryBase https://registry.npmjs.org/
25 silly publish uploading /Users/bard/.npm/generator-cdd/3.2.0/package.tgz
26 verbose request uri https://registry.npmjs.org/generator-cdd
27 verbose request sending authorization for write operation
28 info attempt registry request try #1 at 10:59:57
29 verbose request id 6b44d20da38b399e
30 http request PUT https://registry.npmjs.org/generator-cdd
31 http 403 https://registry.npmjs.org/generator-cdd
32 verbose headers { 'content-type': 'application/json',
32 verbose headers   'cache-control': 'max-age=60',
32 verbose headers   'content-length': '95',
32 verbose headers   'accept-ranges': 'bytes',
32 verbose headers   date: 'Fri, 24 Jul 2015 09:59:55 GMT',
32 verbose headers   via: '1.1 varnish',
32 verbose headers   connection: 'keep-alive',
32 verbose headers   'x-served-by': 'cache-lcy1133-LCY',
32 verbose headers   'x-cache': 'MISS',
32 verbose headers   'x-cache-hits': '0',
32 verbose headers   'x-timer': 'S1437731993.844626,VS0,VE1310' }
33 verbose request invalidating /Users/bard/.npm/registry.npmjs.org/generator-cdd on PUT
34 error publish Failed PUT 403
35 verbose stack Error: "You cannot publish over the previously published version 3.2.0." : generator-cdd
35 verbose stack     at CachingRegistryClient.<anonymous> (/Users/bard/.node/lib/node_modules/npm/node_modules/npm-registry-client/lib/request.js:247:14)
35 verbose stack     at Request._callback (/Users/bard/.node/lib/node_modules/npm/node_modules/npm-registry-client/lib/request.js:170:14)
35 verbose stack     at Request.self.callback (/Users/bard/.node/lib/node_modules/npm/node_modules/request/request.js:197:22)
35 verbose stack     at Request.emit (events.js:110:17)
35 verbose stack     at Request.<anonymous> (/Users/bard/.node/lib/node_modules/npm/node_modules/request/request.js:1050:14)
35 verbose stack     at Request.emit (events.js:129:20)
35 verbose stack     at IncomingMessage.<anonymous> (/Users/bard/.node/lib/node_modules/npm/node_modules/request/request.js:996:12)
35 verbose stack     at IncomingMessage.emit (events.js:129:20)
35 verbose stack     at _stream_readable.js:908:16
35 verbose stack     at process._tickCallback (node.js:355:11)
36 verbose statusCode 403
37 verbose pkgid generator-cdd
38 verbose cwd /Applications/MAMP/htdocs/Projects/generator-fed-up
39 error Darwin 14.3.0
40 error argv "node" "/Users/bard/.node/bin/npm" "publish"
41 error node v0.12.7
42 error npm  v2.13.1
43 error code E403
44 error "You cannot publish over the previously published version 3.2.0." : generator-cdd
45 error If you need help, you may report this error at:
45 error     <https://github.com/npm/npm/issues>
46 verbose exit [ 1, true ]
